NoLookKeyboard_java_eclipse/proguard/seeds.txt
com.teuskim.nlkeyboard.NLKeyboardView
com.teuskim.nlkeyboard.NLKeyboardView: NLKeyboardView(android.content.Context,android.util.AttributeSet)
com.teuskim.nlkeyboard.RegisterCustomKeySetView
com.teuskim.nlkeyboard.RegisterCustomKeySetView: RegisterCustomKeySetView(android.content.Context,android.util.AttributeSet)
com.teuskim.nlkeyboard.KeySetView
com.teuskim.nlkeyboard.KeySetView: KeySetView(android.content.Context,android.util.AttributeSet)
com.teuskim.nlkeyboard.RegisterCustomKeyboardView
com.teuskim.nlkeyboard.RegisterCustomKeyboardView: RegisterCustomKeyboardView(android.content.Context,android.util.AttributeSet)
com.teuskim.nlkeyboard.NLKeyboardView
com.teuskim.nlkeyboard.NLKeyboardView: NLKeyboardView(android.content.Context,android.util.AttributeSet,int)
com.teuskim.nlkeyboard.RegisterCustomKeyboardView
com.teuskim.nlkeyboard.RegisterCustomKeyboardView: RegisterCustomKeyboardView(android.content.Context,android.util.AttributeSet,int)
com.teuskim.nlkeyboard.KeySetView
com.teuskim.nlkeyboard.KeySetView: android.widget.TextView mKeyView1
com.teuskim.nlkeyboard.KeySetView: android.widget.TextView mKeyView2
com.teuskim.nlkeyboard.KeySetView: android.widget.TextView mKeyView3
com.teuskim.nlkeyboard.KeySetView: android.widget.TextView mKeyView4
com.teuskim.nlkeyboard.KeySetView: android.widget.ImageView mKeyViewIcon1
com.teuskim.nlkeyboard.KeySetView: android.widget.ImageView mKeyViewIcon2
com.teuskim.nlkeyboard.KeySetView: android.widget.ImageView mKeyViewIcon3
com.teuskim.nlkeyboard.KeySetView: android.widget.ImageView mKeyViewIcon4
com.teuskim.nlkeyboard.KeySetView: int mSize
com.teuskim.nlkeyboard.KeySetView: KeySetView(android.content.Context,android.util.AttributeSet)
com.teuskim.nlkeyboard.KeySetView: KeySetView(android.content.Context)
com.teuskim.nlkeyboard.KeySetView: void init(android.content.Context)
com.teuskim.nlkeyboard.KeySetView: void setKeySet(com.teuskim.nlkeyboard.NLKeyboard$KeySet)
com.teuskim.nlkeyboard.KeySetView: void setSelected(int)
com.teuskim.nlkeyboard.KeySetView: void resetSelected()
com.teuskim.nlkeyboard.KeySetView: void setOneKey(com.teuskim.nlkeyboard.NLKeyboard$KeySet,java.util.List,java.util.Map,int,android.widget.TextView,android.widget.ImageView)
com.teuskim.nlkeyboard.NLKeyboardView
com.teuskim.nlkeyboard.NLKeyboardView: int IDX_LEFT_TOP
com.teuskim.nlkeyboard.NLKeyboardView: int IDX_MID_TOP
com.teuskim.nlkeyboard.NLKeyboardView: int IDX_RIGHT_TOP
com.teuskim.nlkeyboard.NLKeyboardView: int IDX_LEFT_MID
com.teuskim.nlkeyboard.NLKeyboardView: int IDX_RIGHT_MID
com.teuskim.nlkeyboard.NLKeyboardView: int IDX_LEFT_BOT
com.teuskim.nlkeyboard.NLKeyboardView: int IDX_MID_BOT
com.teuskim.nlkeyboard.NLKeyboardView: int IDX_RIGHT_BOT
com.teuskim.nlkeyboard.NLKeyboardView: com.teuskim.nlkeyboard.NLKeyboardView$OnKeyboardActionListener mKeyboardActionListener
com.teuskim.nlkeyboard.NLKeyboardView: com.teuskim.nlkeyboard.NLKeyboard mKeyboard
com.teuskim.nlkeyboard.NLKeyboardView: int mSwipeTotalCnt
com.teuskim.nlkeyboard.NLKeyboardView: double mMoveAngle
com.teuskim.nlkeyboard.NLKeyboardView: android.graphics.PointF mDownPoint
com.teuskim.nlkeyboard.NLKeyboardView: android.graphics.PointF mPoint
com.teuskim.nlkeyboard.NLKeyboardView: java.util.List mKeySetList
com.teuskim.nlkeyboard.NLKeyboardView: com.teuskim.nlkeyboard.NLKeyboard$KeySet mKeySet
com.teuskim.nlkeyboard.NLKeyboardView: int mDirection
com.teuskim.nlkeyboard.NLKeyboardView: boolean mIsLeft
com.teuskim.nlkeyboard.NLKeyboardView: int mSelectedKeyInt
com.teuskim.nlkeyboard.NLKeyboardView: com.teuskim.nlkeyboard.KeySetView mLeftTopView
com.teuskim.nlkeyboard.NLKeyboardView: com.teuskim.nlkeyboard.KeySetView mMidTopView