NoLookKeyboard_java_eclipse/proguard/usage.txt
com.teuskim.nlkeyboard.HangulHandler:
    private static final int JASO_START_INDEX
    public static final int HANGUL_START_INDEX
    private static final int JAUM_SIZE
    private static final int JAUM_FULL_SIZE
    public static final int CUSTOM_SPACE
    public static final int CUSTOM_ENTER
    public static final int CUSTOM_BACKSPACE
    107:107:public java.lang.String getHangulString()
    169:171:public void handleEnter()
    203:203:public int getKeyIntFromKeyCode(int)
com.teuskim.nlkeyboard.Log:
    private static final boolean IS_LOGGING
    17:17:public static void d(java.lang.String,java.lang.String,java.lang.Throwable)
    20:21:public static void e(java.lang.String,java.lang.String)
    24:25:public static void e(java.lang.String,java.lang.String,java.lang.Throwable)
    31:31:public static void i(java.lang.String,java.lang.String)
    37:37:public static void i(java.lang.String,java.lang.String,java.lang.Throwable)
    43:43:public static void v(java.lang.String,java.lang.String)
    49:49:public static void v(java.lang.String,java.lang.String,java.lang.Throwable)
    55:55:public static void w(java.lang.String,java.lang.String)
    61:61:public static void w(java.lang.String,java.lang.String,java.lang.Throwable)
com.teuskim.nlkeyboard.MainActivity:
    private static final int CURR_STATE_UNCHECKED
    private static final int CURR_STATE_UNSELECTED
    private static final int CURR_STATE_USE
com.teuskim.nlkeyboard.NLKeyboard:
    private static final java.lang.String TAG_KEYBOARD
    private static final java.lang.String TAG_KEYSET
    private static final java.lang.String TAG_KEY
com.teuskim.nlkeyboard.NLKeyboardDb:
    private static final java.lang.String DATABASE_NAME
    private static final int DATABASE_VERSION
    private static final int KEYBOARD_TYPE_ENGLISH
    private static final int KEYBOARD_TYPE_HANGUL
    private static final int KEYBOARD_TYPE_NUMBERS
    private static final int KEYBOARD_TYPE_SYMBOLS
    public static final int WEIGHT_SUM
    public static final int WEIGHT_INIT_NEXT
    public static final int WEIGHT_INIT_TOTAL
    public static final int WEIGHT_INIT_N
    public static final int WEIGHT_INIT_XXX
    public static final int AVAILABLE_PERIOD_INIT
    66:67:public void close()
    120:132:public boolean useHistory()
    141:144:public boolean updateUseHistory(boolean)
    404:421:public boolean insertORupdateHistory(int,java.lang.String,java.lang.String)
    425:439:private int getHistoryUseCnt(int)
    448:462:public int getHistoryId(java.lang.String)
    472:478:public android.database.Cursor getHistoryList(java.lang.String,int)
    486:494:public int getHistoryCount()
    502:502:public boolean deleteHistory()
    946:978:public java.util.List getWordList()
    986:1004:public java.util.List getNextWordGroupList()
com.teuskim.nlkeyboard.NLKeyboardDb$CustomKeyset:
    public static final java.lang.String TABLE_NAME
    public static final java.lang.String _ID
    public static final java.lang.String NAME
    public static final java.lang.String SHOW_4
    public static final java.lang.String SHOW_8
    public static final int SHOW_NONE
    public static final int SHOW_ALL
    public static final int SHOW_LEFT
    public static final int SHOW_RIGHT
    public static final java.lang.String CREATE